<?xml version="1.0" encoding="UTF-8"?>
<!-- Generated by org.testng.reporters.JUnitReportReporter -->
<testsuite hostname="KRUSHAROVSKA-N" failures="0" tests="4" name="api.test.UserTests" time="4.907" errors="0" timestamp="2023-06-07T14:26:41 CEST" skipped="0">
  <testcase classname="api.test.UserTests" name="testPostUser" time="1.975"/>
  <system-out/>
  <testcase classname="api.test.UserTests" name="testGetUserByName" time="0.754"/>
  <system-out/>
  <testcase classname="api.test.UserTests" name="testUpdateUserByName" time="1.479"/>
  <system-out/>
  <testcase classname="api.test.UserTests" name="testDeleteUser" time="0.699"/>
  <system-out/>
</testsuite> <!-- api.test.UserTests -->
