<?xml version="1.0" encoding="UTF-8"?>
<!-- Generated by org.testng.reporters.JUnitReportReporter -->
<testsuite hostname="KRUSHAROVSKA-N" failures="0" tests="4" name="api.test.UserTests2" time="4.804" errors="0" timestamp="2023-06-07T15:07:50 CEST" skipped="0">
  <testcase classname="api.test.UserTests2" name="testPostUser" time="1.875"/>
  <system-out/>
  <testcase classname="api.test.UserTests2" name="testGetUserByName" time="0.725"/>
  <system-out/>
  <testcase classname="api.test.UserTests2" name="testUpdateUserByName" time="1.506"/>
  <system-out/>
  <testcase classname="api.test.UserTests2" name="testDeleteUser" time="0.698"/>
  <system-out/>
</testsuite> <!-- api.test.UserTests2 -->
