<?xml version="1.0" encoding="UTF-8"?>
<!-- Generated by org.testng.reporters.JUnitReportReporter -->
<testsuite hostname="KRUSHAROVSKA-N" failures="0" tests="9" name="api.test.DataDrivenTests" time="8.035" errors="0" timestamp="2023-06-07T09:41:20 CEST" skipped="0">
  <testcase classname="api.test.DataDrivenTests" name="testPostUser" time="2.009"/>
  <system-out/>
  <testcase classname="api.test.DataDrivenTests" name="testPostUser" time="0.703"/>
  <system-out/>
  <testcase classname="api.test.DataDrivenTests" name="testPostUser" time="0.792"/>
  <system-out/>
  <testcase classname="api.test.DataDrivenTests" name="testGetUser" time="0.752"/>
  <system-out/>
  <testcase classname="api.test.DataDrivenTests" name="testGetUser" time="0.765"/>
  <system-out/>
  <testcase classname="api.test.DataDrivenTests" name="testGetUser" time="0.794"/>
  <system-out/>
  <testcase classname="api.test.DataDrivenTests" name="testDeleteUserByName" time="0.766"/>
  <system-out/>
  <testcase classname="api.test.DataDrivenTests" name="testDeleteUserByName" time="0.719"/>
  <system-out/>
  <testcase classname="api.test.DataDrivenTests" name="testDeleteUserByName" time="0.735"/>
  <system-out/>
</testsuite> <!-- api.test.DataDrivenTests -->
